c:\users\k023g\onedrive\デスクトップ\kamata\cg\cg2\directxgame\directxgame\x64\release\vc143.pdb
c:\users\k023g\onedrive\デスクトップ\kamata\cg\cg2\directxgame\directxgame\x64\release\directxcommon.obj
c:\users\k023g\onedrive\デスクトップ\kamata\cg\cg2\directxgame\directxgame\x64\release\winapp.obj
c:\users\k023g\onedrive\デスクトップ\kamata\cg\cg2\directxgame\directxgame\x64\release\imgui.obj
c:\users\k023g\onedrive\デスクトップ\kamata\cg\cg2\directxgame\directxgame\x64\release\triangle.obj
c:\users\k023g\onedrive\デスクトップ\kamata\cg\cg2\directxgame\directxgame\x64\release\imgui_impl_win32.obj
c:\users\k023g\onedrive\デスクトップ\kamata\cg\cg2\directxgame\directxgame\x64\release\sprite.obj
c:\users\k023g\onedrive\デスクトップ\kamata\cg\cg2\directxgame\directxgame\x64\release\texture.obj
c:\users\k023g\onedrive\デスクトップ\kamata\cg\cg2\directxgame\directxgame\x64\release\model.obj
c:\users\k023g\onedrive\デスクトップ\kamata\cg\cg2\directxgame\directxgame\x64\release\logger.obj
c:\users\k023g\onedrive\デスクトップ\kamata\cg\cg2\directxgame\directxgame\x64\release\imgui_impl_dx12.obj
c:\users\k023g\onedrive\デスクトップ\kamata\cg\cg2\directxgame\directxgame\x64\release\imgui_draw.obj
c:\users\k023g\onedrive\デスクトップ\kamata\cg\cg2\directxgame\directxgame\x64\release\imgui_widgets.obj
c:\users\k023g\onedrive\デスクトップ\kamata\cg\cg2\directxgame\directxgame\x64\release\main.obj
c:\users\k023g\onedrive\デスクトップ\kamata\cg\cg2\directxgame\directxgame\x64\release\matrixmath.obj
c:\users\k023g\onedrive\デスクトップ\kamata\cg\cg2\directxgame\directxgame\x64\release\imgui_tables.obj
c:\users\k023g\onedrive\デスクトップ\kamata\cg\cg2\directxgame\directxgame\x64\release\imgui_demo.obj
c:\users\k023g\onedrive\デスクトップ\kamata\cg\cg2\directxgame\x64\release\directxgame.exe
c:\users\k023g\onedrive\デスクトップ\kamata\cg\cg2\directxgame\x64\release\directxgame.pdb
c:\users\k023g\onedrive\デスクトップ\kamata\cg\cg2\directxgame\directxgame\x64\release\directxgame.ipdb
c:\users\k023g\onedrive\デスクトップ\kamata\cg\cg2\directxgame\directxgame\x64\release\directxgame.iobj
c:\users\k023g\onedrive\デスクトップ\kamata\cg\cg2\directxgame\directxgame\x64\release\directxgame.tlog\cl.command.1.tlog
c:\users\k023g\onedrive\デスクトップ\kamata\cg\cg2\directxgame\directxgame\x64\release\directxgame.tlog\cl.items.tlog
c:\users\k023g\onedrive\デスクトップ\kamata\cg\cg2\directxgame\directxgame\x64\release\directxgame.tlog\cl.read.1.tlog
c:\users\k023g\onedrive\デスクトップ\kamata\cg\cg2\directxgame\directxgame\x64\release\directxgame.tlog\cl.write.1.tlog
c:\users\k023g\onedrive\デスクトップ\kamata\cg\cg2\directxgame\directxgame\x64\release\directxgame.tlog\link.command.1.tlog
c:\users\k023g\onedrive\デスクトップ\kamata\cg\cg2\directxgame\directxgame\x64\release\directxgame.tlog\link.read.1.tlog
c:\users\k023g\onedrive\デスクトップ\kamata\cg\cg2\directxgame\directxgame\x64\release\directxgame.tlog\link.secondary.1.tlog
c:\users\k023g\onedrive\デスクトップ\kamata\cg\cg2\directxgame\directxgame\x64\release\directxgame.tlog\link.write.1.tlog
