c:\users\k023g\onedrive\デスクトップ\kamata\cg\cg2\directxgame\directxgame\x64\debug\imgui.obj
c:\users\k023g\onedrive\デスクトップ\kamata\cg\cg2\directxgame\directxgame\x64\debug\imgui_demo.obj
c:\users\k023g\onedrive\デスクトップ\kamata\cg\cg2\directxgame\directxgame\x64\debug\matrixmath.obj
c:\users\k023g\onedrive\デスクトップ\kamata\cg\cg2\directxgame\directxgame\x64\debug\imgui_draw.obj
c:\users\k023g\onedrive\デスクトップ\kamata\cg\cg2\directxgame\directxgame\x64\debug\main.obj
c:\users\k023g\onedrive\デスクトップ\kamata\cg\cg2\directxgame\directxgame\x64\debug\imgui_tables.obj
c:\users\k023g\onedrive\デスクトップ\kamata\cg\cg2\directxgame\directxgame\x64\debug\imgui_impl_dx12.obj
c:\users\k023g\onedrive\デスクトップ\kamata\cg\cg2\directxgame\directxgame\x64\debug\imgui_impl_win32.obj
c:\users\k023g\onedrive\デスクトップ\kamata\cg\cg2\directxgame\directxgame\x64\debug\imgui_widgets.obj
c:\users\k023g\onedrive\デスクトップ\kamata\cg\cg2\directxgame\directxgame\x64\debug\sprite.obj
c:\users\k023g\onedrive\デスクトップ\kamata\cg\cg2\directxgame\directxgame\x64\debug\directxshadercompiler.obj
c:\users\k023g\onedrive\デスクトップ\kamata\cg\cg2\directxgame\directxgame\x64\debug\mesh.obj
c:\users\k023g\onedrive\デスクトップ\kamata\cg\cg2\directxgame\directxgame\x64\debug\pipelinestateobject.obj
c:\users\k023g\onedrive\デスクトップ\kamata\cg\cg2\directxgame\directxgame\x64\debug\sphere.obj
c:\users\k023g\onedrive\デスクトップ\kamata\cg\cg2\directxgame\directxgame\x64\debug\input.obj
c:\users\k023g\onedrive\デスクトップ\kamata\cg\cg2\directxgame\directxgame\x64\debug\vertexresource.obj
c:\users\k023g\onedrive\デスクトップ\kamata\cg\cg2\directxgame\directxgame\x64\debug\triangle.obj
c:\users\k023g\onedrive\デスクトップ\kamata\cg\cg2\directxgame\directxgame\x64\debug\mymath.obj
c:\users\k023g\onedrive\デスクトップ\kamata\cg\cg2\directxgame\directxgame\x64\debug\material.obj
c:\users\k023g\onedrive\デスクトップ\kamata\cg\cg2\directxgame\directxgame\x64\debug\directxcommon.obj
c:\users\k023g\onedrive\デスクトップ\kamata\cg\cg2\directxgame\directxgame\x64\debug\model.obj
c:\users\k023g\onedrive\デスクトップ\kamata\cg\cg2\directxgame\directxgame\x64\debug\texture.obj
c:\users\k023g\onedrive\デスクトップ\kamata\cg\cg2\directxgame\directxgame\x64\debug\logger.obj
c:\users\k023g\onedrive\デスクトップ\kamata\cg\cg2\directxgame\directxgame\x64\debug\winapp.obj
c:\users\k023g\onedrive\デスクトップ\kamata\cg\cg2\directxgame\directxgame\x64\debug\vc143.pdb
c:\users\k023g\onedrive\デスクトップ\kamata\cg\cg2\directxgame\directxgame\x64\debug\d3dresourceleakchecker.obj
c:\users\k023g\onedrive\デスクトップ\kamata\cg\cg2\directxgame\directxgame\x64\debug\spritecommon.obj
c:\users\k023g\onedrive\デスクトップ\kamata\cg\cg2\directxgame\directxgame\x64\debug\vc143.idb
c:\users\k023g\onedrive\デスクトップ\kamata\cg\cg2\directxgame\x64\debug\directxgame.exe
c:\users\k023g\onedrive\デスクトップ\kamata\cg\cg2\directxgame\x64\debug\directxgame.pdb
c:\users\k023g\onedrive\デスクトップ\kamata\cg\cg2\directxgame\directxgame\x64\debug\directxgame.res
c:\users\k023g\onedrive\デスクトップ\kamata\cg\cg2\directxgame\directxgame\x64\debug\directxgame.ilk
c:\users\k023g\onedrive\デスクトップ\kamata\cg\cg2\directxgame\directxgame\x64\debug\audio.obj
c:\users\k023g\onedrive\デスクトップ\kamata\cg\cg2\directxgame\directxgame\x64\debug\directionallight.obj
c:\users\k023g\onedrive\デスクトップ\kamata\cg\cg2\directxgame\directxgame\x64\debug\stringutility.obj
c:\users\k023g\onedrive\デスクトップ\kamata\cg\cg2\directxgame\directxgame\x64\debug\directxgame.tlog\cl.command.1.tlog
c:\users\k023g\onedrive\デスクトップ\kamata\cg\cg2\directxgame\directxgame\x64\debug\directxgame.tlog\cl.items.tlog
c:\users\k023g\onedrive\デスクトップ\kamata\cg\cg2\directxgame\directxgame\x64\debug\directxgame.tlog\cl.read.1.tlog
c:\users\k023g\onedrive\デスクトップ\kamata\cg\cg2\directxgame\directxgame\x64\debug\directxgame.tlog\cl.write.1.tlog
c:\users\k023g\onedrive\デスクトップ\kamata\cg\cg2\directxgame\directxgame\x64\debug\directxgame.tlog\link.command.1.tlog
c:\users\k023g\onedrive\デスクトップ\kamata\cg\cg2\directxgame\directxgame\x64\debug\directxgame.tlog\link.read.1.tlog
c:\users\k023g\onedrive\デスクトップ\kamata\cg\cg2\directxgame\directxgame\x64\debug\directxgame.tlog\link.secondary.1.tlog
c:\users\k023g\onedrive\デスクトップ\kamata\cg\cg2\directxgame\directxgame\x64\debug\directxgame.tlog\link.write.1.tlog
c:\users\k023g\onedrive\デスクトップ\kamata\cg\cg2\directxgame\directxgame\x64\debug\directxgame.tlog\rc.command.1.tlog
c:\users\k023g\onedrive\デスクトップ\kamata\cg\cg2\directxgame\directxgame\x64\debug\directxgame.tlog\rc.read.1.tlog
c:\users\k023g\onedrive\デスクトップ\kamata\cg\cg2\directxgame\directxgame\x64\debug\directxgame.tlog\rc.write.1.tlog
